app/build/intermediates/manifest_merge_blame_file/release/manifest-merger-blame-release-report.txt
1<?xml version="1.0" encoding="utf-8"?>
2<manifest xmlns:android="http://schemas.android.com/apk/res/android"
3    package="com.guessseries.emoji"
4    android:versionCode="1"
5    android:versionName="1.0" >
6
7    <uses-sdk
8        android:minSdkVersion="21"
8-->src\main\AndroidManifest.xml
9        android:targetSdkVersion="29" />
9-->src\main\AndroidManifest.xml
10
11    <uses-permission android:name="android.permission.INTERNET" />
11-->src\main\AndroidManifest.xml:7:5-67
11-->src\main\AndroidManifest.xml:7:22-64
12    <uses-permission android:name="android.permission.WRITE_EXTERNAL_STORAGE" />
12-->src\main\AndroidManifest.xml:8:5-81
12-->src\main\AndroidManifest.xml:8:22-78
13    <uses-permission android:name="android.permission.ACCESS_NETWORK_STATE" />
13-->src\main\AndroidManifest.xml:9:5-79
13-->src\main\AndroidManifest.xml:9:22-76
14
15    <!-- Optional permission for Analytics to run. -->
16    <uses-permission android:name="android.permission.WAKE_LOCK" /> <!-- Required by older versions of Google Play services to create GCM registration tokens -->
16-->[com.google.android.gms:play-services-analytics:12.0.1] AndroidManifest.xml:27:5-68
16-->[com.google.android.gms:play-services-analytics:12.0.1] AndroidManifest.xml:27:22-65
17    <uses-permission android:name="com.google.android.c2dm.permission.RECEIVE" />
17-->[com.google.android.gms:play-services-gcm:12.0.1] AndroidManifest.xml:23:5-82
17-->[com.google.android.gms:play-services-gcm:12.0.1] AndroidManifest.xml:23:22-79
18
19    <uses-feature
19-->[com.google.android.gms:play-services-maps:12.0.1] AndroidManifest.xml:26:5-28:35
20        android:glEsVersion="0x00020000"
20-->[com.google.android.gms:play-services-maps:12.0.1] AndroidManifest.xml:27:9-41
21        android:required="true" />
21-->[com.google.android.gms:play-services-maps:12.0.1] AndroidManifest.xml:28:9-32
22
23    <permission
23-->[com.google.firebase:firebase-iid:12.0.1] AndroidManifest.xml:28:5-30:47
24        android:name="com.guessseries.emoji.permission.C2D_MESSAGE"
24-->[com.google.firebase:firebase-iid:12.0.1] AndroidManifest.xml:29:9-63
25        android:protectionLevel="signature" />
25-->[com.google.firebase:firebase-iid:12.0.1] AndroidManifest.xml:30:9-44
26
27    <uses-permission android:name="com.guessseries.emoji.permission.C2D_MESSAGE" />
27-->[com.google.firebase:firebase-iid:12.0.1] AndroidManifest.xml:32:5-79
27-->[com.google.firebase:firebase-iid:12.0.1] AndroidManifest.xml:32:22-76
28
29    <application
29-->src\main\AndroidManifest.xml:11:5-36:19
30        android:allowBackup="true"
30-->src\main\AndroidManifest.xml:12:9-35
31        android:appComponentFactory="androidx.core.app.CoreComponentFactory"
31-->[androidx.core:core:1.0.0] AndroidManifest.xml:22:18-86
32        android:icon="@drawable/emojimovie512"
32-->src\main\AndroidManifest.xml:13:9-47
33        android:label="@string/app_name"
33-->src\main\AndroidManifest.xml:14:9-41
34        android:theme="@style/Base.Theme.AppCompat.Light" >
34-->src\main\AndroidManifest.xml:16:9-58
35        <activity
35-->src\main\AndroidManifest.xml:17:9-27:20
36            android:name="com.guessseries.emoji.MainActivity"
36-->src\main\AndroidManifest.xml:18:13-62
37            android:label="@string/app_name"
37-->src\main\AndroidManifest.xml:21:13-45
38            android:screenOrientation="landscape" >
38-->src\main\AndroidManifest.xml:19:13-50
39            <intent-filter>
39-->src\main\AndroidManifest.xml:22:13-26:29
40                <action android:name="android.intent.action.MAIN" />
40-->src\main\AndroidManifest.xml:23:17-69
40-->src\main\AndroidManifest.xml:23:25-66
41
42                <category android:name="android.intent.category.LAUNCHER" />
42-->src\main\AndroidManifest.xml:25:17-77
42-->src\main\AndroidManifest.xml:25:27-74
43            </intent-filter>
44        </activity>
45        <activity
45-->src\main\AndroidManifest.xml:28:9-34:20
46            android:name="com.guessseries.emoji.ActivityGame"
46-->src\main\AndroidManifest.xml:29:13-62
47            android:label="@string/app_name"
47-->src\main\AndroidManifest.xml:30:13-45
48            android:screenOrientation="landscape"
48-->src\main\AndroidManifest.xml:31:13-50
49            android:theme="@style/Theme.AppCompat.NoActionBar" >
49-->src\main\AndroidManifest.xml:33:13-63
50        </activity>
51
52        <!-- Include the AdActivity and InAppPurchaseActivity configChanges and themes. -->
53        <activity
53-->[com.google.android.gms:play-services-ads-lite:12.0.1] AndroidManifest.xml:29:9-33:64
54            android:name="com.google.android.gms.ads.AdActivity"
54-->[com.google.android.gms:play-services-ads-lite:12.0.1] AndroidManifest.xml:30:13-65
55            android:configChanges="keyboard|keyboardHidden|orientation|screenLayout|uiMode|screenSize|smallestScreenSize"
55-->[com.google.android.gms:play-services-ads-lite:12.0.1] AndroidManifest.xml:31:13-122
56            android:exported="false"
56-->[com.google.android.gms:play-services-ads-lite:12.0.1] AndroidManifest.xml:32:13-37
57            android:theme="@android:style/Theme.Translucent" />
57-->[com.google.android.gms:play-services-ads-lite:12.0.1] AndroidManifest.xml:33:13-61
58
59        <receiver
59-->[com.google.android.gms:play-services-analytics:12.0.1] AndroidManifest.xml:30:9-34:20
60            android:name="com.google.android.gms.analytics.AnalyticsReceiver"
60-->[com.google.android.gms:play-services-analytics:12.0.1] AndroidManifest.xml:31:13-78
61            android:enabled="true"
61-->[com.google.android.gms:play-services-analytics:12.0.1] AndroidManifest.xml:32:13-35
62            android:exported="false" >
62-->[com.google.android.gms:play-services-analytics:12.0.1] AndroidManifest.xml:33:13-37
63        </receiver>
64
65        <service
65-->[com.google.android.gms:play-services-analytics:12.0.1] AndroidManifest.xml:36:9-39:40
66            android:name="com.google.android.gms.analytics.AnalyticsService"
66-->[com.google.android.gms:play-services-analytics:12.0.1] AndroidManifest.xml:37:13-77
67            android:enabled="true"
67-->[com.google.android.gms:play-services-analytics:12.0.1] AndroidManifest.xml:38:13-35
68            android:exported="false" />
68-->[com.google.android.gms:play-services-analytics:12.0.1] AndroidManifest.xml:39:13-37
69        <service
69-->[com.google.android.gms:play-services-analytics:12.0.1] AndroidManifest.xml:40:9-44:72
70            android:name="com.google.android.gms.analytics.AnalyticsJobService"
70-->[com.google.android.gms:play-services-analytics:12.0.1] AndroidManifest.xml:41:13-80
71            android:enabled="true"
71-->[com.google.android.gms:play-services-analytics:12.0.1] AndroidManifest.xml:42:13-35
72            android:exported="false"
72-->[com.google.android.gms:play-services-analytics:12.0.1] AndroidManifest.xml:43:13-37
73            android:permission="android.permission.BIND_JOB_SERVICE" />
73-->[com.google.android.gms:play-services-analytics:12.0.1] AndroidManifest.xml:44:13-69
74
75        <activity
75-->[com.google.android.gms:play-services-appinvite:12.0.1] AndroidManifest.xml:25:9-34:20
76            android:name="com.google.android.gms.appinvite.PreviewActivity"
76-->[com.google.android.gms:play-services-appinvite:12.0.1] AndroidManifest.xml:26:13-76
77            android:exported="true"
77-->[com.google.android.gms:play-services-appinvite:12.0.1] AndroidManifest.xml:27:13-36
78            android:theme="@style/Theme.AppInvite.Preview" >
78-->[com.google.android.gms:play-services-appinvite:12.0.1] AndroidManifest.xml:28:13-59
79            <intent-filter>
79-->[com.google.android.gms:play-services-appinvite:12.0.1] AndroidManifest.xml:29:13-33:29
80                <action android:name="com.google.android.gms.appinvite.ACTION_PREVIEW" />
80-->[com.google.android.gms:play-services-appinvite:12.0.1] AndroidManifest.xml:30:17-90
80-->[com.google.android.gms:play-services-appinvite:12.0.1] AndroidManifest.xml:30:25-87
81
82                <category android:name="android.intent.category.DEFAULT" />
82-->[com.google.android.gms:play-services-appinvite:12.0.1] AndroidManifest.xml:32:17-76
82-->[com.google.android.gms:play-services-appinvite:12.0.1] AndroidManifest.xml:32:27-73
83            </intent-filter>
84        </activity>
85        <activity
85-->[com.google.android.gms:play-services-auth:12.0.1] AndroidManifest.xml:23:9-27:75
86            android:name="com.google.android.gms.auth.api.signin.internal.SignInHubActivity"
86-->[com.google.android.gms:play-services-auth:12.0.1] AndroidManifest.xml:24:13-93
87            android:excludeFromRecents="true"
87-->[com.google.android.gms:play-services-auth:12.0.1] AndroidManifest.xml:25:13-46
88            android:exported="false"
88-->[com.google.android.gms:play-services-auth:12.0.1] AndroidManifest.xml:26:13-37
89            android:theme="@android:style/Theme.Translucent.NoTitleBar" />
89-->[com.google.android.gms:play-services-auth:12.0.1] AndroidManifest.xml:27:13-72
90        <!--
91            Service handling Google Sign-In user revocation. For apps that do not integrate with
92            Google Sign-In, this service will never be started.
93        -->
94        <service
94-->[com.google.android.gms:play-services-auth:12.0.1] AndroidManifest.xml:33:9-36:110
95            android:name="com.google.android.gms.auth.api.signin.RevocationBoundService"
95-->[com.google.android.gms:play-services-auth:12.0.1] AndroidManifest.xml:34:13-89
96            android:exported="true"
96-->[com.google.android.gms:play-services-auth:12.0.1] AndroidManifest.xml:35:13-36
97            android:permission="com.google.android.gms.auth.api.signin.permission.REVOCATION_NOTIFICATION" />
97-->[com.google.android.gms:play-services-auth:12.0.1] AndroidManifest.xml:36:13-107
98
99        <receiver android:name="com.google.android.gms.cast.framework.media.MediaIntentReceiver" />
99-->[com.google.android.gms:play-services-cast-framework:12.0.1] AndroidManifest.xml:8:9-100
99-->[com.google.android.gms:play-services-cast-framework:12.0.1] AndroidManifest.xml:8:19-97
100
101        <service android:name="com.google.android.gms.cast.framework.media.MediaNotificationService" />
101-->[com.google.android.gms:play-services-cast-framework:12.0.1] AndroidManifest.xml:10:9-104
101-->[com.google.android.gms:play-services-cast-framework:12.0.1] AndroidManifest.xml:10:18-101
102        <service android:name="com.google.android.gms.cast.framework.ReconnectionService" />
102-->[com.google.android.gms:play-services-cast-framework:12.0.1] AndroidManifest.xml:11:9-93
102-->[com.google.android.gms:play-services-cast-framework:12.0.1] AndroidManifest.xml:11:18-90
103
104        <activity
104-->[com.google.firebase:firebase-auth:12.0.1] AndroidManifest.xml:23:9-29:75
105            android:name="com.google.firebase.auth.internal.FederatedSignInActivity"
105-->[com.google.firebase:firebase-auth:12.0.1] AndroidManifest.xml:24:13-85
106            android:excludeFromRecents="true"
106-->[com.google.firebase:firebase-auth:12.0.1] AndroidManifest.xml:25:13-46
107            android:exported="true"
107-->[com.google.firebase:firebase-auth:12.0.1] AndroidManifest.xml:26:13-36
108            android:launchMode="singleInstance"
108-->[com.google.firebase:firebase-auth:12.0.1] AndroidManifest.xml:27:13-48
109            android:permission="com.google.firebase.auth.api.gms.permission.LAUNCH_FEDERATED_SIGN_IN"
109-->[com.google.firebase:firebase-auth:12.0.1] AndroidManifest.xml:28:13-102
110            android:theme="@android:style/Theme.Translucent.NoTitleBar" />
110-->[com.google.firebase:firebase-auth:12.0.1] AndroidManifest.xml:29:13-72
111        <activity
111-->[com.google.android.gms:play-services-base:12.0.1] AndroidManifest.xml:23:9-26:75
112            android:name="com.google.android.gms.common.api.GoogleApiActivity"
112-->[com.google.android.gms:play-services-base:12.0.1] AndroidManifest.xml:24:13-79
113            android:exported="false"
113-->[com.google.android.gms:play-services-base:12.0.1] AndroidManifest.xml:25:13-37
114            android:theme="@android:style/Theme.Translucent.NoTitleBar" />
114-->[com.google.android.gms:play-services-base:12.0.1] AndroidManifest.xml:26:13-72
115        <!--
116             FirebaseMessagingService performs security checks at runtime,
117             no need for explicit permissions despite exported="true"
118        -->
119        <service
119-->[com.google.firebase:firebase-messaging:12.0.1] AndroidManifest.xml:28:9-34:19
120            android:name="com.google.firebase.messaging.FirebaseMessagingService"
120-->[com.google.firebase:firebase-messaging:12.0.1] AndroidManifest.xml:29:13-82
121            android:exported="true" >
121-->[com.google.firebase:firebase-messaging:12.0.1] AndroidManifest.xml:30:13-36
122            <intent-filter android:priority="-500" >
122-->[com.google.firebase:firebase-messaging:12.0.1] AndroidManifest.xml:31:13-33:29
122-->[com.google.firebase:firebase-messaging:12.0.1] AndroidManifest.xml:31:28-51
123                <action android:name="com.google.firebase.MESSAGING_EVENT" />
123-->[com.google.firebase:firebase-messaging:12.0.1] AndroidManifest.xml:32:17-78
123-->[com.google.firebase:firebase-messaging:12.0.1] AndroidManifest.xml:32:25-75
124            </intent-filter>
125        </service>
126        <service
126-->[com.google.android.gms:play-services-tagmanager-api:12.0.1] AndroidManifest.xml:27:9-30:40
127            android:name="com.google.android.gms.tagmanager.TagManagerService"
127-->[com.google.android.gms:play-services-tagmanager-api:12.0.1] AndroidManifest.xml:28:13-79
128            android:enabled="true"
128-->[com.google.android.gms:play-services-tagmanager-api:12.0.1] AndroidManifest.xml:29:13-35
129            android:exported="false" />
129-->[com.google.android.gms:play-services-tagmanager-api:12.0.1] AndroidManifest.xml:30:13-37
130
131        <activity
131-->[com.google.android.gms:play-services-tagmanager-api:12.0.1] AndroidManifest.xml:32:9-44:20
132            android:name="com.google.android.gms.tagmanager.TagManagerPreviewActivity"
132-->[com.google.android.gms:play-services-tagmanager-api:12.0.1] AndroidManifest.xml:33:13-87
133            android:exported="true"
133-->[com.google.android.gms:play-services-tagmanager-api:12.0.1] AndroidManifest.xml:34:13-36
134            android:noHistory="true" > <!-- optional, removes the previewActivity from the activity stack. -->
134-->[com.google.android.gms:play-services-tagmanager-api:12.0.1] AndroidManifest.xml:35:13-37
135            <intent-filter>
135-->[com.google.android.gms:play-services-tagmanager-api:12.0.1] AndroidManifest.xml:36:13-43:29
136                <data android:scheme="tagmanager.c.com.guessseries.emoji" />
136-->[com.google.android.gms:play-services-tagmanager-api:12.0.1] AndroidManifest.xml:37:17-72
136-->[com.google.android.gms:play-services-tagmanager-api:12.0.1] AndroidManifest.xml:37:23-69
137
138                <action android:name="android.intent.action.VIEW" />
138-->[com.google.android.gms:play-services-tagmanager-api:12.0.1] AndroidManifest.xml:39:17-69
138-->[com.google.android.gms:play-services-tagmanager-api:12.0.1] AndroidManifest.xml:39:25-66
139
140                <category android:name="android.intent.category.DEFAULT" />
140-->[com.google.android.gms:play-services-appinvite:12.0.1] AndroidManifest.xml:32:17-76
140-->[com.google.android.gms:play-services-appinvite:12.0.1] AndroidManifest.xml:32:27-73
141                <category android:name="android.intent.category.BROWSABLE" />
141-->[com.google.android.gms:play-services-tagmanager-api:12.0.1] AndroidManifest.xml:42:17-78
141-->[com.google.android.gms:play-services-tagmanager-api:12.0.1] AndroidManifest.xml:42:27-75
142            </intent-filter>
143        </activity>
144
145        <receiver
145-->[com.google.firebase:firebase-analytics:12.0.1] AndroidManifest.xml:28:9-32:20
146            android:name="com.google.android.gms.measurement.AppMeasurementReceiver"
146-->[com.google.firebase:firebase-analytics:12.0.1] AndroidManifest.xml:29:13-85
147            android:enabled="true"
147-->[com.google.firebase:firebase-analytics:12.0.1] AndroidManifest.xml:30:13-35
148            android:exported="false" >
148-->[com.google.firebase:firebase-analytics:12.0.1] AndroidManifest.xml:31:13-37
149        </receiver>
150        <receiver
150-->[com.google.firebase:firebase-analytics:12.0.1] AndroidManifest.xml:33:9-41:20
151            android:name="com.google.android.gms.measurement.AppMeasurementInstallReferrerReceiver"
151-->[com.google.firebase:firebase-analytics:12.0.1] AndroidManifest.xml:34:13-100
152            android:enabled="true"
152-->[com.google.firebase:firebase-analytics:12.0.1] AndroidManifest.xml:35:13-35
153            android:exported="true"
153-->[com.google.firebase:firebase-analytics:12.0.1] AndroidManifest.xml:36:13-36
154            android:permission="android.permission.INSTALL_PACKAGES" >
154-->[com.google.firebase:firebase-analytics:12.0.1] AndroidManifest.xml:37:13-69
155            <intent-filter>
155-->[com.google.firebase:firebase-analytics:12.0.1] AndroidManifest.xml:38:13-40:29
156                <action android:name="com.android.vending.INSTALL_REFERRER" />
156-->[com.google.firebase:firebase-analytics:12.0.1] AndroidManifest.xml:39:17-79
156-->[com.google.firebase:firebase-analytics:12.0.1] AndroidManifest.xml:39:25-76
157            </intent-filter>
158        </receiver>
159
160        <service
160-->[com.google.firebase:firebase-analytics:12.0.1] AndroidManifest.xml:43:9-46:40
161            android:name="com.google.android.gms.measurement.AppMeasurementService"
161-->[com.google.firebase:firebase-analytics:12.0.1] AndroidManifest.xml:44:13-84
162            android:enabled="true"
162-->[com.google.firebase:firebase-analytics:12.0.1] AndroidManifest.xml:45:13-35
163            android:exported="false" />
163-->[com.google.firebase:firebase-analytics:12.0.1] AndroidManifest.xml:46:13-37
164        <service
164-->[com.google.firebase:firebase-analytics:12.0.1] AndroidManifest.xml:47:9-51:72
165            android:name="com.google.android.gms.measurement.AppMeasurementJobService"
165-->[com.google.firebase:firebase-analytics:12.0.1] AndroidManifest.xml:48:13-87
166            android:enabled="true"
166-->[com.google.firebase:firebase-analytics:12.0.1] AndroidManifest.xml:49:13-35
167            android:exported="false"
167-->[com.google.firebase:firebase-analytics:12.0.1] AndroidManifest.xml:50:13-37
168            android:permission="android.permission.BIND_JOB_SERVICE" />
168-->[com.google.firebase:firebase-analytics:12.0.1] AndroidManifest.xml:51:13-69
169
170        <receiver
170-->[com.google.firebase:firebase-iid:12.0.1] AndroidManifest.xml:35:9-44:20
171            android:name="com.google.firebase.iid.FirebaseInstanceIdReceiver"
171-->[com.google.firebase:firebase-iid:12.0.1] AndroidManifest.xml:36:13-78
172            android:exported="true"
172-->[com.google.firebase:firebase-iid:12.0.1] AndroidManifest.xml:37:13-36
173            android:permission="com.google.android.c2dm.permission.SEND" >
173-->[com.google.firebase:firebase-iid:12.0.1] AndroidManifest.xml:38:13-73
174            <intent-filter>
174-->[com.google.firebase:firebase-iid:12.0.1] AndroidManifest.xml:39:13-43:29
175                <action android:name="com.google.android.c2dm.intent.RECEIVE" />
175-->[com.google.firebase:firebase-iid:12.0.1] AndroidManifest.xml:40:17-81
175-->[com.google.firebase:firebase-iid:12.0.1] AndroidManifest.xml:40:25-78
176
177                <category android:name="com.guessseries.emoji" />
177-->[com.google.firebase:firebase-iid:12.0.1] AndroidManifest.xml:42:17-61
177-->[com.google.firebase:firebase-iid:12.0.1] AndroidManifest.xml:42:27-58
178            </intent-filter>
179        </receiver>
180        <!--
181             FirebaseInstanceIdService performs security checks at runtime,
182             no need for explicit permissions despite exported="true"
183        -->
184        <service
184-->[com.google.firebase:firebase-iid:12.0.1] AndroidManifest.xml:50:9-56:19
185            android:name="com.google.firebase.iid.FirebaseInstanceIdService"
185-->[com.google.firebase:firebase-iid:12.0.1] AndroidManifest.xml:51:13-77
186            android:exported="true" >
186-->[com.google.firebase:firebase-iid:12.0.1] AndroidManifest.xml:52:13-36
187            <intent-filter android:priority="-500" >
187-->[com.google.firebase:firebase-iid:12.0.1] AndroidManifest.xml:53:13-55:29
187-->[com.google.firebase:firebase-iid:12.0.1] AndroidManifest.xml:53:28-51
188                <action android:name="com.google.firebase.INSTANCE_ID_EVENT" />
188-->[com.google.firebase:firebase-iid:12.0.1] AndroidManifest.xml:54:17-80
188-->[com.google.firebase:firebase-iid:12.0.1] AndroidManifest.xml:54:25-77
189            </intent-filter>
190        </service>
191
192        <provider
192-->[com.google.firebase:firebase-common:12.0.1] AndroidManifest.xml:8:9-12:39
193            android:name="com.google.firebase.provider.FirebaseInitProvider"
193-->[com.google.firebase:firebase-common:12.0.1] AndroidManifest.xml:9:13-77
194            android:authorities="com.guessseries.emoji.firebaseinitprovider"
194-->[com.google.firebase:firebase-common:12.0.1] AndroidManifest.xml:10:13-72
195            android:exported="false"
195-->[com.google.firebase:firebase-common:12.0.1] AndroidManifest.xml:11:13-37
196            android:initOrder="100" />
196-->[com.google.firebase:firebase-common:12.0.1] AndroidManifest.xml:12:13-36
197
198        <meta-data
198-->[com.google.android.gms:play-services-basement:12.0.1] AndroidManifest.xml:23:9-25:69
199            android:name="com.google.android.gms.version"
199-->[com.google.android.gms:play-services-basement:12.0.1] AndroidManifest.xml:24:13-58
200            android:value="@integer/google_play_services_version" />
200-->[com.google.android.gms:play-services-basement:12.0.1] AndroidManifest.xml:25:13-66
201    </application>
202
203</manifest>